<?xml version="1.0" encoding="UTF-8"?>
<!-- Generated by org.testng.reporters.JUnitReportReporter -->
<testsuite hostname="Bharat" failures="0" tests="1" name="qaacademy.Mavenjava.RestAPITest" time="0.009" errors="0" timestamp="2021-05-19T14:40:31 IST" skipped="0">
  <testcase classname="qaacademy.Mavenjava.RestAPITest" name="Browser3" time="0.009"/>
  <system-out/>
</testsuite> <!-- qaacademy.Mavenjava.RestAPITest -->
