<?xml version="1.0" encoding="UTF-8"?>
<!-- Generated by org.testng.reporters.JUnitReportReporter -->
<testsuite hostname="Bharat" failures="0" tests="2" name="qaacademy.Mavenjava.MobileTest" time="0.002" errors="0" timestamp="2021-05-19T14:54:25 IST" skipped="0">
  <testcase classname="qaacademy.Mavenjava.MobileTest" name="Browser5" time="0.001"/>
  <system-out/>
  <testcase classname="qaacademy.Mavenjava.MobileTest" name="Browser4" time="0.001"/>
  <system-out/>
</testsuite> <!-- qaacademy.Mavenjava.MobileTest -->
