<?xml version="1.0" encoding="UTF-8"?>
<!-- Generated by org.testng.reporters.JUnitReportReporter -->
<testsuite hostname="Bharat" failures="0" tests="2" name="qaacademy.Mavenjava.SeleniumTest" time="0.011" errors="0" timestamp="2021-05-19T14:54:25 IST" skipped="0">
  <testcase classname="qaacademy.Mavenjava.SeleniumTest" name="Browser1" time="0.002"/>
  <system-out/>
  <testcase classname="qaacademy.Mavenjava.SeleniumTest" name="Browser" time="0.009"/>
  <system-out/>
</testsuite> <!-- qaacademy.Mavenjava.SeleniumTest -->
