<?xml version="1.0" encoding="UTF-8"?>
<!-- Generated by org.testng.reporters.JUnitReportReporter -->
<testsuite skipped="0" hostname="Bharat" name="qaacademy.Mavenjava.MobileTest" tests="2" failures="0" timestamp="2021-07-29T12:17:12 IST" time="0.002" errors="0">
  <testcase name="Browser4" time="0.001" classname="qaacademy.Mavenjava.MobileTest"/>
  <system-out/>
  <testcase name="Browser5" time="0.001" classname="qaacademy.Mavenjava.MobileTest"/>
  <system-out/>
</testsuite> <!-- qaacademy.Mavenjava.MobileTest -->
