<?xml version="1.0" encoding="UTF-8"?>
<!-- Generated by org.testng.reporters.JUnitReportReporter -->
<testsuite skipped="0" hostname="Bharat" name="qaacademy.Mavenjava.SeleniumTest" tests="2" failures="0" timestamp="2021-07-29T12:17:12 IST" time="0.006" errors="0">
  <testcase name="Browser" time="0.006" classname="qaacademy.Mavenjava.SeleniumTest"/>
  <system-out/>
  <testcase name="Browser1" time="0.000" classname="qaacademy.Mavenjava.SeleniumTest"/>
  <system-out/>
</testsuite> <!-- qaacademy.Mavenjava.SeleniumTest -->
