<?xml version="1.0" encoding="UTF-8"?>
<!-- Generated by org.testng.reporters.JUnitReportReporter -->
<testsuite skipped="0" hostname="Bharat" name="qaacademy.Mavenjava.RestAPITest" tests="2" failures="0" timestamp="2021-05-20T14:56:48 IST" time="0.000" errors="0">
  <testcase name="Browser2" time="0.000" classname="qaacademy.Mavenjava.RestAPITest"/>
  <system-out/>
  <testcase name="Browser3" time="0.000" classname="qaacademy.Mavenjava.RestAPITest"/>
  <system-out/>
</testsuite> <!-- qaacademy.Mavenjava.RestAPITest -->
